JsMessageOther(unknown,#TheName,UserListEvent(channel=Channel(name=#TheName, channelId=7c2256cc-1c57-404f-90a4-3f4957c3468b, bot=Version{0.0.1} Connected{true} Server{localhost} Port{6667}, output=org.pircbotx.Channel$1@23baa805, mode=, topic=a great topic, topicTimestamp=1494097033000, createTimestamp=0, topicSetter=UserHostmask(extbanPrefix=null, nick=-Server-, login=null, hostname=null), moderated=false, noExternalMessages=false, inviteOnly=false, secret=false, channelPrivate=false, topicProtection=false, channelLimit=-1, channelKey=null, modeChangeLatch=null, modeChangeLock=java.lang.Object@392c2d19), users=[User(super=UserHostmask(extbanPrefix=null, nick=TheOper, login=TheOper, hostname=localhost), userId=97043dc6-a1d3-425b-adca-87b9673b2311, realName=realname, awayMessage=null, ircop=false, server=irc.example.net, hops=0), User(super=UserHostmask(extbanPrefix=null, nick=UserBot, login=PircBotX, hostname=localhost), userId=8bf658d9-7924-4b4b-a3c5-284e663acc1e, realName=UserBot, awayMessage=null, ircop=false, server=irc.example.net, hops=0)], complete=true))
JsMessageOther(UserBot,#TheName,org.pircbotx.hooks.events.JoinEvent)
JsMessageOther(unknown,#TheName,UserListEvent(channel=Channel(name=#TheName, channelId=7c2256cc-1c57-404f-90a4-3f4957c3468b, bot=Version{0.0.1} Connected{true} Server{localhost} Port{6667}, output=org.pircbotx.Channel$1@23baa805, mode=, topic=a great topic, topicTimestamp=1494097033000, createTimestamp=0, topicSetter=UserHostmask(extbanPrefix=null, nick=-Server-, login=null, hostname=null), moderated=false, noExternalMessages=false, inviteOnly=false, secret=false, channelPrivate=false, topicProtection=false, channelLimit=-1, channelKey=null, modeChangeLatch=null, modeChangeLock=java.lang.Object@392c2d19), users=[User(super=UserHostmask(extbanPrefix=null, nick=TheOper, login=TheOper, hostname=localhost), userId=97043dc6-a1d3-425b-adca-87b9673b2311, realName=realname, awayMessage=null, ircop=false, server=irc.example.net, hops=0), User(super=UserHostmask(extbanPrefix=null, nick=UserBot, login=PircBotX, hostname=localhost), userId=8bf658d9-7924-4b4b-a3c5-284e663acc1e, realName=UserBot, awayMessage=null, ircop=false, server=irc.example.net, hops=0)], complete=false))
JsMessageOther(unknown,#TheName,TopicEvent(channel=Channel(name=#TheName, channelId=7c2256cc-1c57-404f-90a4-3f4957c3468b, bot=Version{0.0.1} Connected{true} Server{localhost} Port{6667}, output=org.pircbotx.Channel$1@23baa805, mode=, topic=a great topic, topicTimestamp=1494097033000, createTimestamp=0, topicSetter=UserHostmask(extbanPrefix=null, nick=-Server-, login=null, hostname=null), moderated=false, noExternalMessages=false, inviteOnly=false, secret=false, channelPrivate=false, topicProtection=false, channelLimit=-1, channelKey=null, modeChangeLatch=null, modeChangeLock=java.lang.Object@392c2d19), oldTopic=null, topic=a great topic, user=UserHostmask(extbanPrefix=null, nick=-Server-, login=null, hostname=null), changed=false, date=1494097033))
JsMessage(UserBot,#TheName,asdasd)
JsMessage(TheOper,#TheName,qwe)
JsMessage(TheOper,#TheName,q)
JsMessage(TheOper,#TheName,q)
JsMessage(TheOper,#TheName,q)
JsMessage(TheOper,#TheName,q)
JsMessage(TheOper,#TheName,q)
JsMessage(TheOper,#TheName,w)
JsMessage(TheOper,#TheName,w)
JsMessage(UserBot,#TheName,qweqwe)
JsMessageOther(UserBot,#TheName2,org.pircbotx.hooks.events.JoinEvent)
JsMessageOther(unknown,#TheName2,UserListEvent(channel=Channel(name=#TheName2, channelId=0727c96b-ebf9-46c2-a516-f81c086e05fa, bot=Version{0.0.1} Connected{true} Server{localhost} Port{6667}, output=org.pircbotx.Channel$1@5cfb6e72, mode=, topic=, topicTimestamp=0, createTimestamp=0, topicSetter=null, moderated=false, noExternalMessages=false, inviteOnly=false, secret=false, channelPrivate=false, topicProtection=false, channelLimit=-1, channelKey=null, modeChangeLatch=null, modeChangeLock=java.lang.Object@6cb10a64), users=[User(super=UserHostmask(extbanPrefix=null, nick=TheOper, login=TheOper, hostname=localhost), userId=97043dc6-a1d3-425b-adca-87b9673b2311, realName=realname, awayMessage=null, ircop=false, server=irc.example.net, hops=0), User(super=UserHostmask(extbanPrefix=null, nick=UserBot, login=PircBotX, hostname=localhost), userId=8bf658d9-7924-4b4b-a3c5-284e663acc1e, realName=UserBot, awayMessage=null, ircop=false, server=irc.example.net, hops=0)], complete=false))
JsMessageOther(unknown,#TheName2,UserListEvent(channel=Channel(name=#TheName2, channelId=0727c96b-ebf9-46c2-a516-f81c086e05fa, bot=Version{0.0.1} Connected{true} Server{localhost} Port{6667}, output=org.pircbotx.Channel$1@5cfb6e72, mode=+, topic=, topicTimestamp=0, createTimestamp=1494097039, topicSetter=null, moderated=false, noExternalMessages=false, inviteOnly=false, secret=false, channelPrivate=false, topicProtection=false, channelLimit=-1, channelKey=null, modeChangeLatch=null, modeChangeLock=java.lang.Object@6cb10a64), users=[User(super=UserHostmask(extbanPrefix=null, nick=TheOper, login=TheOper, hostname=localhost), userId=97043dc6-a1d3-425b-adca-87b9673b2311, realName=realname, awayMessage=null, ircop=false, server=irc.example.net, hops=0), User(super=UserHostmask(extbanPrefix=null, nick=UserBot, login=PircBotX, hostname=localhost), userId=8bf658d9-7924-4b4b-a3c5-284e663acc1e, realName=UserBot, awayMessage=null, ircop=false, server=irc.example.net, hops=0)], complete=true))
JsMessage(TheOper,#TheName2,ewqewe)
JsMessage(UserBot,#TheName2,ewewe)
Leaving channel
Leaving channel
JsMessage(TheOper,#TheName2,werwer)
JsMessage(UserBot,#TheName2,qweqwe)
